Построение начато 18.02.2013 15:15:25.
     1>Проект "D:\CPP\Finder\Finder.vcxproj" в узле 2 (целевые объекты Build).
     1>ClCompile:
         C:\Program Files (x86)\Microsoft Visual Studio 11.0\VC\bin\CL.exe /c /ZI /nologo /W3 /WX- /Od /Oy- /D _UNICODE /D UNICODE /Gm /EHsc /RTC1 /MDd /GS /fp:precise /Zc:wchar_t /Zc:forScope /Fo".\build\Debug\\" /Fd".\build\Debug\vc110.pdb" /Gd /TP /analyze- /errorReport:prompt src\Controller\CController.cpp src\View\Console\CConsoleView.cpp
         CConsoleView.cpp
         CController.cpp
         Создание кода...
       Link:
         C:\Program Files (x86)\Microsoft Visual Studio 11.0\VC\bin\link.exe /ERRORREPORT:PROMPT /OUT:"D:\CPP\Finder\\build\Debug\Finder.exe" /INCREMENTAL /NOLOGO kernel32.lib user32.lib gdi32.lib winspool.lib comdlg32.lib advapi32.lib shell32.lib ole32.lib oleaut32.lib uuid.lib odbc32.lib odbccp32.lib /MANIFEST /MANIFESTUAC:"level='asInvoker' uiAccess='false'" /manifest:embed /DEBUG /PDB:"D:\CPP\Finder\\build\Debug\Finder.pdb" /TLBID:1 /DYNAMICBASE /NXCOMPAT /IMPLIB:"D:\CPP\Finder\\build\Debug\Finder.lib" /MACHINE:X86 .\build\Debug\CLogger.obj
         .\build\Debug\CDString.obj
         .\build\Debug\Character.obj
         .\build\Debug\CController.obj
         .\build\Debug\main.obj
         .\build\Debug\CFinder.obj
         .\build\Debug\CFindOptions.obj
         .\build\Debug\SFileDesc.obj
         .\build\Debug\SFileSize.obj
         .\build\Debug\STimePeriod.obj
         .\build\Debug\CConsoleView.obj
         Finder.vcxproj -> D:\CPP\Finder\\build\Debug\Finder.exe
     1>Построение проекта "D:\CPP\Finder\Finder.vcxproj" завершено (целевые объекты Build).

Построение успешно завершено.

Затраченное время: 00:00:07.25
