D:\CPP\FINDER\BUILD\DEBUG\CDSTRING.OBJ
D:\CPP\FINDER\BUILD\DEBUG\CHARACTER.OBJ
D:\CPP\FINDER\BUILD\DEBUG\CLOGGER.OBJ
D:\CPP\FINDER\BUILD\DEBUG\SDATEPERIOD.OBJ
D:\CPP\FINDER\BUILD\DEBUG\SFILEDESC.OBJ
D:\CPP\FINDER\BUILD\DEBUG\SFILESIZE.OBJ
D:\CPP\FINDER\BUILD\DEBUG\CFINDOPTIONS.OBJ
D:\CPP\FINDER\BUILD\DEBUG\CCONSOLEUI.OBJ
D:\CPP\FINDER\BUILD\DEBUG\CFINDER.OBJ
D:\CPP\FINDER\BUILD\DEBUG\MAIN.OBJ
D:\CPP\FINDER\BUILD\DEBUG\VC110.PDB
D:\CPP\FINDER\BUILD\DEBUG\STIMEPERIOD.OBJ
D:\CPP\FINDER\BUILD\DEBUG\FINDER.ILK
D:\CPP\FINDER\BUILD\DEBUG\FINDER.EXE
D:\CPP\FINDER\BUILD\DEBUG\FINDER.PDB
D:\CPP\Finder\build\Debug\CConsoleUI.obj
D:\CPP\Finder\build\Debug\CDString.obj
D:\CPP\Finder\build\Debug\CFinder.obj
D:\CPP\Finder\build\Debug\CFindOptions.obj
D:\CPP\Finder\build\Debug\Character.obj
D:\CPP\Finder\build\Debug\CLogger.obj
D:\CPP\Finder\build\Debug\main.obj
D:\CPP\Finder\build\Debug\SDatePeriod.obj
D:\CPP\Finder\build\Debug\SFileDesc.obj
D:\CPP\Finder\build\Debug\SFileSize.obj
D:\CPP\Finder\build\Debug\Finder.ilk
D:\CPP\Finder\build\Debug\cl.command.1.tlog
D:\CPP\Finder\build\Debug\CL.read.1.tlog
D:\CPP\Finder\build\Debug\CL.write.1.tlog
D:\CPP\Finder\build\Debug\link-cvtres.read.1.tlog
D:\CPP\Finder\build\Debug\link-cvtres.write.1.tlog
D:\CPP\Finder\build\Debug\link-rc.read.1.tlog
D:\CPP\Finder\build\Debug\link-rc.write.1.tlog
D:\CPP\Finder\build\Debug\link.116-cvtres.read.1.tlog
D:\CPP\Finder\build\Debug\link.116-cvtres.write.1.tlog
D:\CPP\Finder\build\Debug\link.116-rc.read.1.tlog
D:\CPP\Finder\build\Debug\link.116-rc.write.1.tlog
D:\CPP\Finder\build\Debug\link.116.read.1.tlog
D:\CPP\Finder\build\Debug\link.116.write.1.tlog
D:\CPP\Finder\build\Debug\link.2164-cvtres.read.1.tlog
D:\CPP\Finder\build\Debug\link.2164-cvtres.write.1.tlog
D:\CPP\Finder\build\Debug\link.2164-rc.read.1.tlog
D:\CPP\Finder\build\Debug\link.2164-rc.write.1.tlog
D:\CPP\Finder\build\Debug\link.2164.read.1.tlog
D:\CPP\Finder\build\Debug\link.2164.write.1.tlog
D:\CPP\Finder\build\Debug\link.3140-cvtres.read.1.tlog
D:\CPP\Finder\build\Debug\link.3140-cvtres.write.1.tlog
D:\CPP\Finder\build\Debug\link.3140-rc.read.1.tlog
D:\CPP\Finder\build\Debug\link.3140-rc.write.1.tlog
D:\CPP\Finder\build\Debug\link.3140.read.1.tlog
D:\CPP\Finder\build\Debug\link.3140.write.1.tlog
D:\CPP\Finder\build\Debug\link.3508-cvtres.read.1.tlog
D:\CPP\Finder\build\Debug\link.3508-cvtres.write.1.tlog
D:\CPP\Finder\build\Debug\link.3508-rc.read.1.tlog
D:\CPP\Finder\build\Debug\link.3508-rc.write.1.tlog
D:\CPP\Finder\build\Debug\link.3508.read.1.tlog
D:\CPP\Finder\build\Debug\link.3508.write.1.tlog
D:\CPP\Finder\build\Debug\link.4144-cvtres.read.1.tlog
D:\CPP\Finder\build\Debug\link.4144-cvtres.write.1.tlog
D:\CPP\Finder\build\Debug\link.4144-rc.read.1.tlog
D:\CPP\Finder\build\Debug\link.4144-rc.write.1.tlog
D:\CPP\Finder\build\Debug\link.4144.read.1.tlog
D:\CPP\Finder\build\Debug\link.4144.write.1.tlog
D:\CPP\Finder\build\Debug\link.4476-cvtres.read.1.tlog
D:\CPP\Finder\build\Debug\link.4476-cvtres.write.1.tlog
D:\CPP\Finder\build\Debug\link.4476-rc.read.1.tlog
D:\CPP\Finder\build\Debug\link.4476-rc.write.1.tlog
D:\CPP\Finder\build\Debug\link.4476.read.1.tlog
D:\CPP\Finder\build\Debug\link.4476.write.1.tlog
D:\CPP\Finder\build\Debug\link.4488-cvtres.read.1.tlog
D:\CPP\Finder\build\Debug\link.4488-cvtres.write.1.tlog
D:\CPP\Finder\build\Debug\link.4488-rc.read.1.tlog
D:\CPP\Finder\build\Debug\link.4488-rc.write.1.tlog
D:\CPP\Finder\build\Debug\link.4488.read.1.tlog
D:\CPP\Finder\build\Debug\link.4488.write.1.tlog
D:\CPP\Finder\build\Debug\link.4616-cvtres.read.1.tlog
D:\CPP\Finder\build\Debug\link.4616-cvtres.write.1.tlog
D:\CPP\Finder\build\Debug\link.4616-rc.read.1.tlog
D:\CPP\Finder\build\Debug\link.4616-rc.write.1.tlog
D:\CPP\Finder\build\Debug\link.4616.read.1.tlog
D:\CPP\Finder\build\Debug\link.4616.write.1.tlog
D:\CPP\Finder\build\Debug\link.4920-cvtres.read.1.tlog
D:\CPP\Finder\build\Debug\link.4920-cvtres.write.1.tlog
D:\CPP\Finder\build\Debug\link.4920-rc.read.1.tlog
D:\CPP\Finder\build\Debug\link.4920-rc.write.1.tlog
D:\CPP\Finder\build\Debug\link.4920.read.1.tlog
D:\CPP\Finder\build\Debug\link.4920.write.1.tlog
D:\CPP\Finder\build\Debug\link.5248-cvtres.read.1.tlog
D:\CPP\Finder\build\Debug\link.5248-cvtres.write.1.tlog
D:\CPP\Finder\build\Debug\link.5248-rc.read.1.tlog
D:\CPP\Finder\build\Debug\link.5248-rc.write.1.tlog
D:\CPP\Finder\build\Debug\link.5248.read.1.tlog
D:\CPP\Finder\build\Debug\link.5248.write.1.tlog
D:\CPP\Finder\build\Debug\link.5568-cvtres.read.1.tlog
D:\CPP\Finder\build\Debug\link.5568-cvtres.write.1.tlog
D:\CPP\Finder\build\Debug\link.5568-rc.read.1.tlog
D:\CPP\Finder\build\Debug\link.5568-rc.write.1.tlog
D:\CPP\Finder\build\Debug\link.5568.read.1.tlog
D:\CPP\Finder\build\Debug\link.5568.write.1.tlog
D:\CPP\Finder\build\Debug\link.5668-cvtres.read.1.tlog
D:\CPP\Finder\build\Debug\link.5668-cvtres.write.1.tlog
D:\CPP\Finder\build\Debug\link.5668-rc.read.1.tlog
D:\CPP\Finder\build\Debug\link.5668-rc.write.1.tlog
D:\CPP\Finder\build\Debug\link.5668.read.1.tlog
D:\CPP\Finder\build\Debug\link.5668.write.1.tlog
D:\CPP\Finder\build\Debug\link.5716-cvtres.read.1.tlog
D:\CPP\Finder\build\Debug\link.5716-cvtres.write.1.tlog
D:\CPP\Finder\build\Debug\link.5716-rc.read.1.tlog
D:\CPP\Finder\build\Debug\link.5716-rc.write.1.tlog
D:\CPP\Finder\build\Debug\link.5716.read.1.tlog
D:\CPP\Finder\build\Debug\link.5716.write.1.tlog
D:\CPP\Finder\build\Debug\link.5728-cvtres.read.1.tlog
D:\CPP\Finder\build\Debug\link.5728-cvtres.write.1.tlog
D:\CPP\Finder\build\Debug\link.5728-rc.read.1.tlog
D:\CPP\Finder\build\Debug\link.5728-rc.write.1.tlog
D:\CPP\Finder\build\Debug\link.5728.read.1.tlog
D:\CPP\Finder\build\Debug\link.5728.write.1.tlog
D:\CPP\Finder\build\Debug\link.5848-cvtres.read.1.tlog
D:\CPP\Finder\build\Debug\link.5848-cvtres.write.1.tlog
D:\CPP\Finder\build\Debug\link.5848-rc.read.1.tlog
D:\CPP\Finder\build\Debug\link.5848-rc.write.1.tlog
D:\CPP\Finder\build\Debug\link.5848.read.1.tlog
D:\CPP\Finder\build\Debug\link.5848.write.1.tlog
D:\CPP\Finder\build\Debug\link.6100-cvtres.read.1.tlog
D:\CPP\Finder\build\Debug\link.6100-cvtres.write.1.tlog
D:\CPP\Finder\build\Debug\link.6100-rc.read.1.tlog
D:\CPP\Finder\build\Debug\link.6100-rc.write.1.tlog
D:\CPP\Finder\build\Debug\link.6100.read.1.tlog
D:\CPP\Finder\build\Debug\link.6100.write.1.tlog
D:\CPP\Finder\build\Debug\link.command.1.tlog
D:\CPP\Finder\build\Debug\link.read.1.tlog
D:\CPP\Finder\build\Debug\link.write.1.tlog
D:\CPP\Finder\build\Debug\vc110.idb
D:\CPP\Finder\build\Debug\Finder.pdb
D:\CPP\Finder\build\Debug\vc110.pdb
D:\CPP\Finder\\build\Debug\Finder.pdb
D:\CPP\Finder\\build\Debug\Finder.exe
D:\CPP\Finder\\build\Debug\Finder.ilk
